[2017-03-12 04:57:36] app.INFO: Matched route "{route}". {"route":"GET_media_media_id","route_parameters":{"_controller":"Controllers\\ApiController::getMediaLocation","media_id":"1417818202482025586_1173952339","_route":"GET_media_media_id"},"request_uri":"http://localhost:8000/media/1417818202482025586_1173952339","method":"GET"} []
[2017-03-12 04:57:36] app.DEBUG: > GET /media/1417818202482025586_1173952339 [] []
[2017-03-12 04:57:37] app.NOTICE: E_NOTICE: Trying to get property of non-object {"code":8,"message":"Trying to get property of non-object","file":"C:\\public_html\\belensosatosello-test\\app\\Controllers\\ApiController.php","line":45} []
[2017-03-12 04:57:37] app.NOTICE: E_NOTICE: Trying to get property of non-object {"code":8,"message":"Trying to get property of non-object","file":"C:\\public_html\\belensosatosello-test\\app\\Controllers\\ApiController.php","line":46} []
[2017-03-12 04:57:37] app.ERROR: Uncaught Exception Error: "Class 'Controllers\Exception' not found" at C:\public_html\belensosatosello-test\app\Controllers\ApiController.php line 50 {"exception":"[object] (Error(code: 0): Class 'Controllers\\Exception' not found at C:\\public_html\\belensosatosello-test\\app\\Controllers\\ApiController.php:50)"} []
[2017-03-12 04:59:27] app.INFO: Matched route "{route}". {"route":"GET_media_media_id","route_parameters":{"_controller":"Controllers\\ApiController::getMediaLocation","media_id":"1417818202482025586_1173952339","_route":"GET_media_media_id"},"request_uri":"http://localhost:8000/media/1417818202482025586_1173952339","method":"GET"} []
[2017-03-12 04:59:27] app.DEBUG: > GET /media/1417818202482025586_1173952339 [] []
[2017-03-12 04:59:28] app.NOTICE: E_NOTICE: Trying to get property of non-object {"code":8,"message":"Trying to get property of non-object","file":"C:\\public_html\\belensosatosello-test\\app\\Controllers\\ApiController.php","line":45} []
[2017-03-12 04:59:28] app.NOTICE: E_NOTICE: Trying to get property of non-object {"code":8,"message":"Trying to get property of non-object","file":"C:\\public_html\\belensosatosello-test\\app\\Controllers\\ApiController.php","line":46} []
[2017-03-12 04:59:28] app.ERROR: Uncaught Exception Error: "Class 'Controllers\Exception' not found" at C:\public_html\belensosatosello-test\app\Controllers\ApiController.php line 50 {"exception":"[object] (Error(code: 0): Class 'Controllers\\Exception' not found at C:\\public_html\\belensosatosello-test\\app\\Controllers\\ApiController.php:50)"} []
[2017-03-12 05:00:25] app.INFO: Matched route "{route}". {"route":"GET_media_media_id","route_parameters":{"_controller":"Controllers\\ApiController::getMediaLocation","media_id":"1417818202482025586_1173952339","_route":"GET_media_media_id"},"request_uri":"http://localhost:8000/media/1417818202482025586_1173952339","method":"GET"} []
[2017-03-12 05:00:25] app.DEBUG: > GET /media/1417818202482025586_1173952339 [] []
[2017-03-12 05:00:25] app.NOTICE: E_NOTICE: Trying to get property of non-object {"code":8,"message":"Trying to get property of non-object","file":"C:\\public_html\\belensosatosello-test\\app\\Controllers\\ApiController.php","line":49} []
[2017-03-12 05:00:25] app.NOTICE: E_NOTICE: Trying to get property of non-object {"code":8,"message":"Trying to get property of non-object","file":"C:\\public_html\\belensosatosello-test\\app\\Controllers\\ApiController.php","line":50} []
[2017-03-12 05:00:25] app.DEBUG: < 200 [] []
[2017-03-12 05:00:29] app.INFO: Matched route "{route}". {"route":"GET_media_media_id","route_parameters":{"_controller":"Controllers\\ApiController::getMediaLocation","media_id":"1417818202482025586_1173952339","_route":"GET_media_media_id"},"request_uri":"http://localhost:8000/media/1417818202482025586_1173952339","method":"GET"} []
[2017-03-12 05:00:29] app.DEBUG: > GET /media/1417818202482025586_1173952339 [] []
[2017-03-12 05:00:30] app.NOTICE: E_NOTICE: Trying to get property of non-object {"code":8,"message":"Trying to get property of non-object","file":"C:\\public_html\\belensosatosello-test\\app\\Controllers\\ApiController.php","line":49} []
[2017-03-12 05:00:30] app.NOTICE: E_NOTICE: Trying to get property of non-object {"code":8,"message":"Trying to get property of non-object","file":"C:\\public_html\\belensosatosello-test\\app\\Controllers\\ApiController.php","line":50} []
[2017-03-12 05:00:30] app.DEBUG: < 200 [] []
[2017-03-12 05:02:01] app.INFO: Matched route "{route}". {"route":"GET_media_media_id","route_parameters":{"_controller":"Controllers\\ApiController::getMediaLocation","media_id":"1417818202482025586_1173952339","_route":"GET_media_media_id"},"request_uri":"http://localhost:8000/media/1417818202482025586_1173952339","method":"GET"} []
[2017-03-12 05:02:01] app.DEBUG: > GET /media/1417818202482025586_1173952339 [] []
[2017-03-12 05:02:01] app.ERROR: Uncaught Exception ParseError: "syntax error, unexpected '{'" at C:\public_html\belensosatosello-test\app\Controllers\ApiController.php line 45 {"exception":"[object] (ParseError(code: 0): syntax error, unexpected '{' at C:\\public_html\\belensosatosello-test\\app\\Controllers\\ApiController.php:45)"} []
[2017-03-12 05:02:27] app.INFO: Matched route "{route}". {"route":"GET_media_media_id","route_parameters":{"_controller":"Controllers\\ApiController::getMediaLocation","media_id":"1417818202482025586_1173952339","_route":"GET_media_media_id"},"request_uri":"http://localhost:8000/media/1417818202482025586_1173952339","method":"GET"} []
[2017-03-12 05:02:27] app.DEBUG: > GET /media/1417818202482025586_1173952339 [] []
[2017-03-12 05:02:27] app.ERROR: Uncaught Exception Error: "Class 'Controllers\Exception' not found" at C:\public_html\belensosatosello-test\app\Controllers\ApiController.php line 46 {"exception":"[object] (Error(code: 0): Class 'Controllers\\Exception' not found at C:\\public_html\\belensosatosello-test\\app\\Controllers\\ApiController.php:46)"} []
[2017-03-12 05:03:10] app.INFO: Matched route "{route}". {"route":"GET_media_media_id","route_parameters":{"_controller":"Controllers\\ApiController::getMediaLocation","media_id":"1417818202482025586_1173952339","_route":"GET_media_media_id"},"request_uri":"http://localhost:8000/media/1417818202482025586_1173952339","method":"GET"} []
[2017-03-12 05:03:10] app.DEBUG: > GET /media/1417818202482025586_1173952339 [] []
[2017-03-12 05:03:11] app.DEBUG: < 200 [] []
[2017-03-12 05:05:08] app.INFO: Matched route "{route}". {"route":"GET_","route_parameters":{"_controller":"Controllers\\ApiController::setToken","_route":"GET_"},"request_uri":"http://:/","method":"GET"} []
[2017-03-12 05:05:08] app.DEBUG: > GET  [] []
[2017-03-12 05:05:08] app.DEBUG: < 302 https://api.instagram.com/oauth/authorize?client_id=44904229b57445f49a88ef2de046379f&redirect_uri=http%3A%2F%2Flocalhost%3A8000%2F&response_type=code&state=01619ed&scope=basic+public_content [] []
[2017-03-12 05:05:09] app.INFO: Matched route "{route}". {"route":"GET_media_media_id","route_parameters":{"_controller":"Controllers\\ApiController::getMediaLocation","media_id":"1234","_route":"GET_media_media_id"},"request_uri":"http://localhost/media/1234","method":"GET"} []
[2017-03-12 05:05:09] app.DEBUG: > GET /media/1234 [] []
[2017-03-12 05:05:10] app.DEBUG: < 500 [] []
[2017-03-12 05:05:36] app.INFO: Matched route "{route}". {"route":"GET_","route_parameters":{"_controller":"Controllers\\ApiController::setToken","_route":"GET_"},"request_uri":"http://:/","method":"GET"} []
[2017-03-12 05:05:36] app.DEBUG: > GET  [] []
[2017-03-12 05:06:03] app.INFO: Matched route "{route}". {"route":"GET_","route_parameters":{"_controller":"Controllers\\ApiController::setToken","_route":"GET_"},"request_uri":"http://:/","method":"GET"} []
[2017-03-12 05:06:03] app.DEBUG: > GET  [] []
[2017-03-12 05:06:03] app.DEBUG: < 302 https://api.instagram.com/oauth/authorize?client_id=44904229b57445f49a88ef2de046379f&redirect_uri=http%3A%2F%2Flocalhost%3A8000%2F&response_type=code&state=01619ed&scope=basic+public_content [] []
[2017-03-12 05:06:03] app.INFO: Matched route "{route}". {"route":"GET_media_media_id","route_parameters":{"_controller":"Controllers\\ApiController::getMediaLocation","media_id":"1234","_route":"GET_media_media_id"},"request_uri":"http://localhost/media/1234","method":"GET"} []
[2017-03-12 05:06:03] app.DEBUG: > GET /media/1234 [] []
[2017-03-12 05:06:05] app.DEBUG: < 400 [] []
[2017-03-12 05:06:31] app.INFO: Matched route "{route}". {"route":"GET_","route_parameters":{"_controller":"Controllers\\ApiController::setToken","_route":"GET_"},"request_uri":"http://:/","method":"GET"} []
[2017-03-12 05:06:31] app.DEBUG: > GET  [] []
[2017-03-12 05:06:31] app.DEBUG: < 302 https://api.instagram.com/oauth/authorize?client_id=44904229b57445f49a88ef2de046379f&redirect_uri=http%3A%2F%2Flocalhost%3A8000%2F&response_type=code&state=01619ed&scope=basic+public_content [] []
[2017-03-12 05:06:31] app.INFO: Matched route "{route}". {"route":"GET_media_media_id","route_parameters":{"_controller":"Controllers\\ApiController::getMediaLocation","media_id":"1234","_route":"GET_media_media_id"},"request_uri":"http://localhost/media/1234","method":"GET"} []
[2017-03-12 05:06:31] app.DEBUG: > GET /media/1234 [] []
[2017-03-12 05:06:32] app.DEBUG: < 500 [] []
[2017-03-12 05:06:49] app.INFO: Matched route "{route}". {"route":"GET_","route_parameters":{"_controller":"Controllers\\ApiController::setToken","_route":"GET_"},"request_uri":"http://:/","method":"GET"} []
[2017-03-12 05:06:49] app.DEBUG: > GET  [] []
[2017-03-12 05:06:49] app.DEBUG: < 302 https://api.instagram.com/oauth/authorize?client_id=44904229b57445f49a88ef2de046379f&redirect_uri=http%3A%2F%2Flocalhost%3A8000%2F&response_type=code&state=01619ed&scope=basic+public_content [] []
[2017-03-12 05:06:49] app.INFO: Matched route "{route}". {"route":"GET_media_media_id","route_parameters":{"_controller":"Controllers\\ApiController::getMediaLocation","media_id":"1234","_route":"GET_media_media_id"},"request_uri":"http://localhost/media/1234","method":"GET"} []
[2017-03-12 05:06:49] app.DEBUG: > GET /media/1234 [] []
[2017-03-12 05:06:50] app.DEBUG: < 400 [] []
[2017-03-12 05:08:28] app.INFO: Matched route "{route}". {"route":"GET_","route_parameters":{"_controller":"Controllers\\ApiController::setToken","_route":"GET_"},"request_uri":"http://:/","method":"GET"} []
[2017-03-12 05:08:28] app.DEBUG: > GET  [] []
[2017-03-12 05:08:28] app.DEBUG: < 302 https://api.instagram.com/oauth/authorize?client_id=44904229b57445f49a88ef2de046379f&redirect_uri=http%3A%2F%2Flocalhost%3A8000%2F&response_type=code&state=01619ed&scope=basic+public_content [] []
[2017-03-12 05:08:28] app.INFO: Matched route "{route}". {"route":"GET_","route_parameters":{"_controller":"Controllers\\ApiController::setToken","_route":"GET_"},"request_uri":"http://localhost/","method":"GET"} []
[2017-03-12 05:08:28] app.DEBUG: > GET / [] []
[2017-03-12 05:08:28] app.DEBUG: < 302 https://api.instagram.com/oauth/authorize?client_id=44904229b57445f49a88ef2de046379f&redirect_uri=http%3A%2F%2Flocalhost%3A8000%2F&response_type=code&state=01619ed&scope=basic+public_content [] []
[2017-03-12 05:08:28] app.INFO: Matched route "{route}". {"route":"GET_","route_parameters":{"_controller":"Controllers\\ApiController::setToken","_route":"GET_"},"request_uri":"http://:/","method":"GET"} []
[2017-03-12 05:08:28] app.DEBUG: > GET  [] []
[2017-03-12 05:08:28] app.DEBUG: < 302 https://api.instagram.com/oauth/authorize?client_id=44904229b57445f49a88ef2de046379f&redirect_uri=http%3A%2F%2Flocalhost%3A8000%2F&response_type=code&state=01619ed&scope=basic+public_content [] []
[2017-03-12 05:08:28] app.INFO: Matched route "{route}". {"route":"GET_","route_parameters":{"_controller":"Controllers\\ApiController::setToken","_route":"GET_"},"request_uri":"http://localhost/","method":"GET"} []
[2017-03-12 05:08:28] app.DEBUG: > GET / [] []
[2017-03-12 05:08:28] app.DEBUG: < 302 https://api.instagram.com/oauth/authorize?client_id=44904229b57445f49a88ef2de046379f&redirect_uri=http%3A%2F%2Flocalhost%3A8000%2F&response_type=code&state=01619ed&scope=basic+public_content [] []
[2017-03-12 05:08:28] app.INFO: Matched route "{route}". {"route":"GET_","route_parameters":{"_controller":"Controllers\\ApiController::setToken","_route":"GET_"},"request_uri":"http://localhost/","method":"GET"} []
[2017-03-12 05:08:28] app.DEBUG: > GET / [] []
[2017-03-12 05:08:28] app.DEBUG: < 302 https://api.instagram.com/oauth/authorize?client_id=44904229b57445f49a88ef2de046379f&redirect_uri=http%3A%2F%2Flocalhost%3A8000%2F&response_type=code&state=01619ed&scope=basic+public_content [] []
[2017-03-12 05:08:28] app.INFO: Matched route "{route}". {"route":"GET_","route_parameters":{"_controller":"Controllers\\ApiController::setToken","_route":"GET_"},"request_uri":"http://:/","method":"GET"} []
[2017-03-12 05:08:28] app.DEBUG: > GET  [] []
[2017-03-12 05:08:28] app.DEBUG: < 302 https://api.instagram.com/oauth/authorize?client_id=44904229b57445f49a88ef2de046379f&redirect_uri=http%3A%2F%2Flocalhost%3A8000%2F&response_type=code&state=01619ed&scope=basic+public_content [] []
[2017-03-12 05:08:28] app.INFO: Matched route "{route}". {"route":"GET_profile","route_parameters":{"_controller":"Controllers\\ApiController::getUser","_route":"GET_profile"},"request_uri":"http://localhost/profile","method":"GET"} []
[2017-03-12 05:08:28] app.DEBUG: > GET /profile [] []
[2017-03-12 05:08:29] app.DEBUG: < 200 [] []
[2017-03-12 05:08:29] app.INFO: Matched route "{route}". {"route":"GET_","route_parameters":{"_controller":"Controllers\\ApiController::setToken","_route":"GET_"},"request_uri":"http://:/","method":"GET"} []
[2017-03-12 05:08:29] app.DEBUG: > GET  [] []
[2017-03-12 05:08:29] app.DEBUG: < 302 https://api.instagram.com/oauth/authorize?client_id=44904229b57445f49a88ef2de046379f&redirect_uri=http%3A%2F%2Flocalhost%3A8000%2F&response_type=code&state=01619ed&scope=basic+public_content [] []
[2017-03-12 05:08:29] app.ERROR: Symfony\Component\HttpKernel\Exception\NotFoundHttpException: No route found for "GET /media/" (uncaught exception) at C:\public_html\belensosatosello-test\vendor\symfony\http-kernel\EventListener\RouterListener.php line 125 {"exception":"[object] (Symfony\\Component\\HttpKernel\\Exception\\NotFoundHttpException(code: 0): No route found for \"GET /media/\" at C:\\public_html\\belensosatosello-test\\vendor\\symfony\\http-kernel\\EventListener\\RouterListener.php:125, Symfony\\Component\\Routing\\Exception\\ResourceNotFoundException(code: 0): No routes found for \"/media/\". at C:\\public_html\\belensosatosello-test\\vendor\\symfony\\routing\\Matcher\\UrlMatcher.php:98)"} []
[2017-03-12 05:08:29] app.DEBUG: < 404 [] []
[2017-03-12 05:08:29] app.INFO: Matched route "{route}". {"route":"GET_","route_parameters":{"_controller":"Controllers\\ApiController::setToken","_route":"GET_"},"request_uri":"http://:/","method":"GET"} []
[2017-03-12 05:08:29] app.DEBUG: > GET  [] []
[2017-03-12 05:08:29] app.DEBUG: < 302 https://api.instagram.com/oauth/authorize?client_id=44904229b57445f49a88ef2de046379f&redirect_uri=http%3A%2F%2Flocalhost%3A8000%2F&response_type=code&state=01619ed&scope=basic+public_content [] []
[2017-03-12 05:08:29] app.INFO: Matched route "{route}". {"route":"GET_media_media_id","route_parameters":{"_controller":"Controllers\\ApiController::getMediaLocation","media_id":"1402451097368744018_1173952339","_route":"GET_media_media_id"},"request_uri":"http://localhost/media/1402451097368744018_1173952339","method":"GET"} []
[2017-03-12 05:08:29] app.DEBUG: > GET /media/1402451097368744018_1173952339 [] []
[2017-03-12 05:08:30] app.DEBUG: < 200 [] []
[2017-03-12 05:08:30] app.INFO: Matched route "{route}". {"route":"GET_","route_parameters":{"_controller":"Controllers\\ApiController::setToken","_route":"GET_"},"request_uri":"http://:/","method":"GET"} []
[2017-03-12 05:08:30] app.DEBUG: > GET  [] []
[2017-03-12 05:08:30] app.DEBUG: < 302 https://api.instagram.com/oauth/authorize?client_id=44904229b57445f49a88ef2de046379f&redirect_uri=http%3A%2F%2Flocalhost%3A8000%2F&response_type=code&state=01619ed&scope=basic+public_content [] []
[2017-03-12 05:08:30] app.INFO: Matched route "{route}". {"route":"GET_media_media_id","route_parameters":{"_controller":"Controllers\\ApiController::getMediaLocation","media_id":"1234","_route":"GET_media_media_id"},"request_uri":"http://localhost/media/1234","method":"GET"} []
[2017-03-12 05:08:30] app.DEBUG: > GET /media/1234 [] []
[2017-03-12 05:08:31] app.DEBUG: < 400 [] []
[2017-03-12 05:08:31] app.INFO: Matched route "{route}". {"route":"GET_","route_parameters":{"_controller":"Controllers\\ApiController::setToken","_route":"GET_"},"request_uri":"http://:/","method":"GET"} []
[2017-03-12 05:08:31] app.DEBUG: > GET  [] []
[2017-03-12 05:08:31] app.DEBUG: < 302 https://api.instagram.com/oauth/authorize?client_id=44904229b57445f49a88ef2de046379f&redirect_uri=http%3A%2F%2Flocalhost%3A8000%2F&response_type=code&state=01619ed&scope=basic+public_content [] []
[2017-03-12 05:08:31] app.INFO: Matched route "{route}". {"route":"GET_media_media_id","route_parameters":{"_controller":"Controllers\\ApiController::getMediaLocation","media_id":"1417818202482025586_1173952339","_route":"GET_media_media_id"},"request_uri":"http://localhost/media/1417818202482025586_1173952339","method":"GET"} []
[2017-03-12 05:08:31] app.DEBUG: > GET /media/1417818202482025586_1173952339 [] []
[2017-03-12 05:08:31] app.DEBUG: < 200 [] []
[2017-03-12 05:10:09] app.INFO: Matched route "{route}". {"route":"GET_","route_parameters":{"_controller":"Controllers\\ApiController::setToken","_route":"GET_"},"request_uri":"http://:/","method":"GET"} []
[2017-03-12 05:10:09] app.DEBUG: > GET  [] []
[2017-03-12 05:10:09] app.DEBUG: < 302 https://api.instagram.com/oauth/authorize?client_id=44904229b57445f49a88ef2de046379f&redirect_uri=http%3A%2F%2Flocalhost%3A8000%2F&response_type=code&state=01619ed&scope=basic+public_content [] []
[2017-03-12 05:10:09] app.INFO: Matched route "{route}". {"route":"GET_","route_parameters":{"_controller":"Controllers\\ApiController::setToken","_route":"GET_"},"request_uri":"http://localhost/","method":"GET"} []
[2017-03-12 05:10:09] app.DEBUG: > GET / [] []
[2017-03-12 05:10:09] app.DEBUG: < 302 https://api.instagram.com/oauth/authorize?client_id=44904229b57445f49a88ef2de046379f&redirect_uri=http%3A%2F%2Flocalhost%3A8000%2F&response_type=code&state=01619ed&scope=basic+public_content [] []
[2017-03-12 05:10:09] app.INFO: Matched route "{route}". {"route":"GET_","route_parameters":{"_controller":"Controllers\\ApiController::setToken","_route":"GET_"},"request_uri":"http://:/","method":"GET"} []
[2017-03-12 05:10:09] app.DEBUG: > GET  [] []
[2017-03-12 05:10:09] app.DEBUG: < 302 https://api.instagram.com/oauth/authorize?client_id=44904229b57445f49a88ef2de046379f&redirect_uri=http%3A%2F%2Flocalhost%3A8000%2F&response_type=code&state=01619ed&scope=basic+public_content [] []
[2017-03-12 05:10:09] app.INFO: Matched route "{route}". {"route":"GET_","route_parameters":{"_controller":"Controllers\\ApiController::setToken","_route":"GET_"},"request_uri":"http://localhost/","method":"GET"} []
[2017-03-12 05:10:09] app.DEBUG: > GET / [] []
[2017-03-12 05:10:09] app.DEBUG: < 302 https://api.instagram.com/oauth/authorize?client_id=44904229b57445f49a88ef2de046379f&redirect_uri=http%3A%2F%2Flocalhost%3A8000%2F&response_type=code&state=01619ed&scope=basic+public_content [] []
[2017-03-12 05:10:09] app.INFO: Matched route "{route}". {"route":"GET_","route_parameters":{"_controller":"Controllers\\ApiController::setToken","_route":"GET_"},"request_uri":"http://localhost/","method":"GET"} []
[2017-03-12 05:10:09] app.DEBUG: > GET / [] []
[2017-03-12 05:10:09] app.DEBUG: < 302 https://api.instagram.com/oauth/authorize?client_id=44904229b57445f49a88ef2de046379f&redirect_uri=http%3A%2F%2Flocalhost%3A8000%2F&response_type=code&state=01619ed&scope=basic+public_content [] []
[2017-03-12 05:10:09] app.INFO: Matched route "{route}". {"route":"GET_","route_parameters":{"_controller":"Controllers\\ApiController::setToken","_route":"GET_"},"request_uri":"http://:/","method":"GET"} []
[2017-03-12 05:10:09] app.DEBUG: > GET  [] []
[2017-03-12 05:10:09] app.DEBUG: < 302 https://api.instagram.com/oauth/authorize?client_id=44904229b57445f49a88ef2de046379f&redirect_uri=http%3A%2F%2Flocalhost%3A8000%2F&response_type=code&state=01619ed&scope=basic+public_content [] []
[2017-03-12 05:10:09] app.INFO: Matched route "{route}". {"route":"GET_profile","route_parameters":{"_controller":"Controllers\\ApiController::getUser","_route":"GET_profile"},"request_uri":"http://localhost/profile","method":"GET"} []
[2017-03-12 05:10:09] app.DEBUG: > GET /profile [] []
[2017-03-12 05:10:10] app.DEBUG: < 200 [] []
[2017-03-12 05:10:10] app.INFO: Matched route "{route}". {"route":"GET_","route_parameters":{"_controller":"Controllers\\ApiController::setToken","_route":"GET_"},"request_uri":"http://:/","method":"GET"} []
[2017-03-12 05:10:10] app.DEBUG: > GET  [] []
[2017-03-12 05:10:10] app.DEBUG: < 302 https://api.instagram.com/oauth/authorize?client_id=44904229b57445f49a88ef2de046379f&redirect_uri=http%3A%2F%2Flocalhost%3A8000%2F&response_type=code&state=01619ed&scope=basic+public_content [] []
[2017-03-12 05:10:10] app.ERROR: Symfony\Component\HttpKernel\Exception\NotFoundHttpException: No route found for "GET /media/" (uncaught exception) at C:\public_html\belensosatosello-test\vendor\symfony\http-kernel\EventListener\RouterListener.php line 125 {"exception":"[object] (Symfony\\Component\\HttpKernel\\Exception\\NotFoundHttpException(code: 0): No route found for \"GET /media/\" at C:\\public_html\\belensosatosello-test\\vendor\\symfony\\http-kernel\\EventListener\\RouterListener.php:125, Symfony\\Component\\Routing\\Exception\\ResourceNotFoundException(code: 0): No routes found for \"/media/\". at C:\\public_html\\belensosatosello-test\\vendor\\symfony\\routing\\Matcher\\UrlMatcher.php:98)"} []
[2017-03-12 05:10:10] app.DEBUG: < 404 [] []
[2017-03-12 05:10:10] app.INFO: Matched route "{route}". {"route":"GET_","route_parameters":{"_controller":"Controllers\\ApiController::setToken","_route":"GET_"},"request_uri":"http://:/","method":"GET"} []
[2017-03-12 05:10:10] app.DEBUG: > GET  [] []
[2017-03-12 05:10:10] app.DEBUG: < 302 https://api.instagram.com/oauth/authorize?client_id=44904229b57445f49a88ef2de046379f&redirect_uri=http%3A%2F%2Flocalhost%3A8000%2F&response_type=code&state=01619ed&scope=basic+public_content [] []
[2017-03-12 05:10:10] app.INFO: Matched route "{route}". {"route":"GET_media_media_id","route_parameters":{"_controller":"Controllers\\ApiController::getMediaLocation","media_id":"1402451097368744018_1173952339","_route":"GET_media_media_id"},"request_uri":"http://localhost/media/1402451097368744018_1173952339","method":"GET"} []
[2017-03-12 05:10:10] app.DEBUG: > GET /media/1402451097368744018_1173952339 [] []
[2017-03-12 05:10:11] app.DEBUG: < 200 [] []
[2017-03-12 05:10:11] app.INFO: Matched route "{route}". {"route":"GET_","route_parameters":{"_controller":"Controllers\\ApiController::setToken","_route":"GET_"},"request_uri":"http://:/","method":"GET"} []
[2017-03-12 05:10:11] app.DEBUG: > GET  [] []
[2017-03-12 05:10:11] app.DEBUG: < 302 https://api.instagram.com/oauth/authorize?client_id=44904229b57445f49a88ef2de046379f&redirect_uri=http%3A%2F%2Flocalhost%3A8000%2F&response_type=code&state=01619ed&scope=basic+public_content [] []
[2017-03-12 05:10:11] app.INFO: Matched route "{route}". {"route":"GET_media_media_id","route_parameters":{"_controller":"Controllers\\ApiController::getMediaLocation","media_id":"1234","_route":"GET_media_media_id"},"request_uri":"http://localhost/media/1234","method":"GET"} []
[2017-03-12 05:10:11] app.DEBUG: > GET /media/1234 [] []
[2017-03-12 05:10:12] app.DEBUG: < 400 [] []
[2017-03-12 05:10:12] app.INFO: Matched route "{route}". {"route":"GET_","route_parameters":{"_controller":"Controllers\\ApiController::setToken","_route":"GET_"},"request_uri":"http://:/","method":"GET"} []
[2017-03-12 05:10:12] app.DEBUG: > GET  [] []
[2017-03-12 05:10:12] app.DEBUG: < 302 https://api.instagram.com/oauth/authorize?client_id=44904229b57445f49a88ef2de046379f&redirect_uri=http%3A%2F%2Flocalhost%3A8000%2F&response_type=code&state=01619ed&scope=basic+public_content [] []
[2017-03-12 05:10:12] app.INFO: Matched route "{route}". {"route":"GET_media_media_id","route_parameters":{"_controller":"Controllers\\ApiController::getMediaLocation","media_id":"1417818202482025586_1173952339","_route":"GET_media_media_id"},"request_uri":"http://localhost/media/1417818202482025586_1173952339","method":"GET"} []
[2017-03-12 05:10:12] app.DEBUG: > GET /media/1417818202482025586_1173952339 [] []
[2017-03-12 05:10:13] app.DEBUG: < 200 [] []
